
> workspace@0.0.0 typecheck C:\Users\ashis\Desktop\Crypto-Wallet-Dynamic
> pnpm run typecheck:libs && pnpm -r --filter "./artifacts/**" --filter "./scripts" --if-present run typecheck


> workspace@0.0.0 typecheck:libs C:\Users\ashis\Desktop\Crypto-Wallet-Dynamic
> tsc --build

Scope: 4 of 9 workspace projects
artifacts/api-server typecheck$ tsc -p tsconfig.json --noEmit
artifacts/crypto-wallet typecheck$ tsc -p tsconfig.json --noEmit
artifacts/mockup-sandbox typecheck$ tsc -p tsconfig.json --noEmit
scripts typecheck$ tsc -p tsconfig.json --noEmit
scripts typecheck: Done
artifacts/api-server typecheck: Done
artifacts/mockup-sandbox typecheck: Done
artifacts/crypto-wallet typecheck: src/components/3d/ParticleField.tsx(28,10): error TS2741: Property 'args' is missing in type '{ attach: string; count: number; array: Float32Array<ArrayBuffer>; itemSize: number; }' but required in type 'Mutable<Overwrite<Partial<Overwrite<BufferAttribute, MathProps<BufferAttribute> & ReactProps<BufferAttribute>>>, Omit<...>>>'.
artifacts/crypto-wallet typecheck: src/pages/dashboard.tsx(20,7): error TS2741: Property 'queryKey' is missing in type '{ enabled: boolean; }' but required in type 'UseQueryOptions<WalletBalances, ErrorType<unknown>, WalletBalances, readonly unknown[]>'.
artifacts/crypto-wallet typecheck: src/pages/history.tsx(12,7): error TS2741: Property 'queryKey' is missing in type '{ enabled: boolean; }' but required in type 'UseQueryOptions<TransactionHistory, ErrorType<unknown>, TransactionHistory, readonly unknown[]>'.
artifacts/crypto-wallet typecheck: Failed
C:\Users\ashis\Desktop\Crypto-Wallet-Dynamic\artifacts\crypto-wallet:
ΓÇëERR_PNPM_RECURSIVE_RUN_FIRST_FAILΓÇë @workspace/crypto-wallet@0.0.0 typecheck: `tsc -p tsconfig.json --noEmit`
Exit status 2
ΓÇëELIFECYCLEΓÇë Command failed with exit code 2.
